<?xml version="1.0" encoding="UTF-8"?>
<!-- Generated by org.testng.reporters.JUnitXMLReporter -->
<testsuite ignored="0" hostname="DELLi310GEN" failures="0" tests="4" name="Default test" time="0.07" errors="0" timestamp="2022-05-10T18:15:23 IST">
  <testcase classname="testNG_Scripts.ExampleForPriority" name="a" time="0.01"/>
  <testcase classname="testNG_Scripts.ExampleForPriority" name="b" time="0.005"/>
  <testcase classname="testNG_Scripts.ExampleForPriority" name="d" time="0.002"/>
  <testcase classname="testNG_Scripts.ExampleForPriority" name="c" time="0.003"/>
</testsuite> <!-- Default test -->
