<?xml version="1.0" encoding="UTF-8"?>
<!-- Generated by org.testng.reporters.JUnitXMLReporter -->
<testsuite ignored="0" hostname="DELLi310GEN" failures="0" tests="2" name="Home Page" time="59.034" errors="0" timestamp="2022-05-10T17:17:11 IST">
  <testcase classname="testNG_Scripts.HomePageModule" name="TC5_Verify_admin_user_is_able_to_access_StockItems_Page" time="11.556"/>
  <testcase classname="testNG_Scripts.HomePageModule" name="TC6_Verify_admin_user_is_able_to_access_Customers_Page" time="6.688"/>
</testsuite> <!-- Home Page -->
