<?xml version="1.0" encoding="UTF-8"?>
<!-- Generated by org.testng.reporters.JUnitXMLReporter -->
<testsuite ignored="0" hostname="DELLi310GEN" failures="0" tests="2" name="Login Module" time="59.422" errors="0" timestamp="2022-05-10T17:16:11 IST">
  <testcase classname="testNG_Scripts.LoginModule" name="TC1_Verify_admin_user_is_able_to_loginWith_valid_credentials" time="19.773"/>
  <testcase classname="testNG_Scripts.LoginModule" name="TC2_Verify_admin_user_is_able_to_Logout_ERP_Application" time="18.345"/>
</testsuite> <!-- Login Module -->
