<?xml version="1.0" encoding="UTF-8"?>
<testng-results ignored="0" total="4" passed="4" failed="0" skipped="0">
  <reporter-output>
  </reporter-output>
  <suite started-at="2022-05-10T18:15:23 IST" name="Default suite" finished-at="2022-05-10T18:15:23 IST" duration-ms="70">
    <groups>
      <group name="home page">
        <method signature="ExampleForPriority.b()[pri:1, instance:testNG_Scripts.ExampleForPriority@3a6bb9bf]" name="b" class="testNG_Scripts.ExampleForPriority"/>
        <method signature="ExampleForPriority.c()[pri:3, instance:testNG_Scripts.ExampleForPriority@3a6bb9bf]" name="c" class="testNG_Scripts.ExampleForPriority"/>
      </group> <!-- home page -->
      <group name="login">
        <method signature="ExampleForPriority.a()[pri:0, instance:testNG_Scripts.ExampleForPriority@3a6bb9bf]" name="a" class="testNG_Scripts.ExampleForPriority"/>
        <method signature="ExampleForPriority.d()[pri:2, instance:testNG_Scripts.ExampleForPriority@3a6bb9bf]" name="d" class="testNG_Scripts.ExampleForPriority"/>
      </group> <!-- login -->
    </groups>
    <test started-at="2022-05-10T18:15:23 IST" name="Default test" finished-at="2022-05-10T18:15:23 IST" duration-ms="70">
      <class name="testNG_Scripts.ExampleForPriority">
        <test-method signature="a()[pri:0, instance:testNG_Scripts.ExampleForPriority@3a6bb9bf]" started-at="2022-05-10T18:15:23 IST" name="a" finished-at="2022-05-10T18:15:23 IST" duration-ms="10" status="PASS">
          <reporter-output>
          </reporter-output>
        </test-method> <!-- a -->
        <test-method signature="b()[pri:1, instance:testNG_Scripts.ExampleForPriority@3a6bb9bf]" started-at="2022-05-10T18:15:23 IST" name="b" finished-at="2022-05-10T18:15:23 IST" duration-ms="5" status="PASS">
          <reporter-output>
          </reporter-output>
        </test-method> <!-- b -->
        <test-method signature="d()[pri:2, instance:testNG_Scripts.ExampleForPriority@3a6bb9bf]" started-at="2022-05-10T18:15:23 IST" name="d" finished-at="2022-05-10T18:15:23 IST" duration-ms="2" status="PASS">
          <reporter-output>
          </reporter-output>
        </test-method> <!-- d -->
        <test-method signature="c()[pri:3, instance:testNG_Scripts.ExampleForPriority@3a6bb9bf]" started-at="2022-05-10T18:15:23 IST" name="c" finished-at="2022-05-10T18:15:23 IST" duration-ms="3" status="PASS">
          <reporter-output>
          </reporter-output>
        </test-method> <!-- c -->
      </class> <!-- testNG_Scripts.ExampleForPriority -->
    </test> <!-- Default test -->
  </suite> <!-- Default suite -->
</testng-results>
